<?xml version="1.0" encoding="UTF-8"?>
<!-- Generated by org.testng.reporters.JUnitReportReporter -->
<testsuite skipped="0" hostname="DESKTOP-TFJH4KN" name="testcases.TC002Register" tests="2" failures="0" timestamp="29 Jan 2022 17:15:16 GMT" time="2.835" errors="0">
  <testcase name="verifyRegister" time="1.340" classname="testcases.TC002Register"/>
  <testcase name="verifyRegister1" time="1.495" classname="testcases.TC002Register"/>
</testsuite> <!-- testcases.TC002Register -->
