<?xml version="1.0" encoding="UTF-8"?>
<!-- Generated by org.testng.reporters.JUnitReportReporter -->
<testsuite skipped="0" hostname="DESKTOP-TFJH4KN" name="testcases.TC003Login" tests="3" failures="0" timestamp="29 Jan 2022 17:15:16 GMT" time="3.426" errors="0">
  <testcase name="verifyLogin1" time="1.016" classname="testcases.TC003Login"/>
  <testcase name="verifyLogin2" time="1.095" classname="testcases.TC003Login"/>
  <testcase name="verifyLogin" time="1.315" classname="testcases.TC003Login"/>
</testsuite> <!-- testcases.TC003Login -->
