<?xml version="1.0" encoding="UTF-8"?>
<!-- Generated by org.testng.reporters.JUnitReportReporter -->
<testsuite skipped="0" hostname="DESKTOP-TFJH4KN" name="testcases.TC001MyAccount" tests="1" failures="0" timestamp="29 Jan 2022 17:15:16 GMT" time="0.590" errors="0">
  <testcase name="VerifyLogin" time="0.590" classname="testcases.TC001MyAccount"/>
</testsuite> <!-- testcases.TC001MyAccount -->
