<?xml version="1.0" encoding="UTF-8"?>
<!-- Generated by org.testng.reporters.JUnitReportReporter -->
<testsuite hostname="DESKTOP-TFJH4KN" failures="0" tests="2" name="testcases.TC002Register" time="2.637" errors="0" timestamp="29 Jan. 2022 14:55:57 GMT" skipped="0">
  <testcase classname="testcases.TC002Register" name="verifyRegister" time="1.172"/>
  <testcase classname="testcases.TC002Register" name="verifyRegister1" time="1.465"/>
</testsuite> <!-- testcases.TC002Register -->
