<?xml version="1.0" encoding="UTF-8"?>
<!-- Generated by org.testng.reporters.JUnitReportReporter -->
<testsuite hostname="DESKTOP-TFJH4KN" failures="0" tests="1" name="testcases.TC001MyAccount" time="0.661" errors="0" timestamp="29 Jan. 2022 14:55:57 GMT" skipped="0">
  <testcase classname="testcases.TC001MyAccount" name="VerifyLogin" time="0.661"/>
</testsuite> <!-- testcases.TC001MyAccount -->
