<?xml version="1.0" encoding="UTF-8"?>
<!-- Generated by org.testng.reporters.JUnitReportReporter -->
<testsuite hostname="DESKTOP-TFJH4KN" failures="0" tests="3" name="testcases.TC003Login" time="3.598" errors="0" timestamp="29 Jan. 2022 14:55:57 GMT" skipped="0">
  <testcase classname="testcases.TC003Login" name="verifyLogin1" time="1.099"/>
  <testcase classname="testcases.TC003Login" name="verifyLogin2" time="1.102"/>
  <testcase classname="testcases.TC003Login" name="verifyLogin" time="1.397"/>
</testsuite> <!-- testcases.TC003Login -->
